# vsim -debugDB -l case4.log -voptargs="+access" -assertdebug -c test_bench -do "log -r /*;run -all;" 
# Start time: 07:51:49 on Mar 14,2025
# ** Note: (vsim-3813) Design is being optimized due to module recompilation...
# ** Note: (vsim-8611) Generating debug db.
# ** Warning: (vopt-4308) Enabling visibility using +acc is recommended with debug flow.
# ** Note: (vsim-12126) Error and warning message counts have been restored: Errors=0, Warnings=1.
# //  Questa Intel Starter FPGA Edition-64
# //  Version 2023.3 linux_x86_64 Jul 17 2023
# //
# //  Copyright 1991-2023 Mentor Graphics Corporation
# //  All Rights Reserved.
# //
# //  QuestaSim and its associated documentation contain trade
# //  secrets and commercial or financial information that are the property of
# //  Mentor Graphics Corporation and are privileged, confidential,
# //  and exempt from disclosure under the Freedom of Information Act,
# //  5 U.S.C. Section 552. Furthermore, this information
# //  is prohibited from disclosure under the Trade Secrets Act,
# //  18 U.S.C. Section 1905.
# //
# Loading sv_std.std
# Loading work.test_bench(fast)
# Loading work.cnt_top(fast)
# Loading work.regset(fast)
# Loading work.counter(fast)
# ** Note: (vsim-8900) Creating design debug database vsim.dbg.
# log -r /*
# run -all
# ====================================
# ==== Case 4: check R/W 5 ===========
# ====================================
# [INFO] RW check task
# Write data = 55555555 at addr: 00000004
# ------------------------------------------------
# t=       126 PASS: rdata = 00000000 at addr 004 is correct
# ------------------------------------------------
# [INFO] RW check task
# Write data = 55555555 at addr: 00000000
# ------------------------------------------------
# t=       326 PASS: rdata = 00000001 at addr 000 is correct
# ------------------------------------------------
# ** Note: $finish    : ../tb/test_bench.v(99)
#    Time: 475 ns  Iteration: 0  Instance: /test_bench
# End time: 07:51:49 on Mar 14,2025, Elapsed time: 0:00:00
# Errors: 0, Warnings: 1
